-------------- Info (2020-03-09 20:42:48.7874) --------------

Call Site: DXApplication1.Form1.simpleButton25_Click_1
Exception Type: 
Exception Message: 
Stack Trace: 
Additional Info: 111111111111111

-------------- Info (2020-03-09 20:42:48.8343) --------------

Call Site: DXApplication1.Form1.simpleButton25_Click_1
Exception Type: 
Exception Message: 
Stack Trace: 
Additional Info: 1111111111

-------------- Info (2020-03-09 20:42:49.3655) --------------

Call Site: DXApplication1.Form1.simpleButton25_Click_1
Exception Type: 
Exception Message: 
Stack Trace: 
Additional Info: 111111111111111

-------------- Info (2020-03-09 20:42:49.3655) --------------

Call Site: DXApplication1.Form1.simpleButton25_Click_1
Exception Type: 
Exception Message: 
Stack Trace: 
Additional Info: 1111111111

-------------- Info (2020-03-09 20:42:49.5218) --------------

Call Site: DXApplication1.Form1.simpleButton25_Click_1
Exception Type: 
Exception Message: 
Stack Trace: 
Additional Info: 111111111111111

-------------- Info (2020-03-09 20:42:49.5373) --------------

Call Site: DXApplication1.Form1.simpleButton25_Click_1
Exception Type: 
Exception Message: 
Stack Trace: 
Additional Info: 1111111111

